<?xml version="1.0" encoding="UTF-8"?>
<testsuite xmlns:xsi="http://www.w3.org/2001/XMLSchema-instance" xsi:noNamespaceSchemaLocation="https://maven.apache.org/surefire/maven-surefire-plugin/xsd/surefire-test-report.xsd" name="DemoBankingApp.ChequeProcessingTests" time="15.948" tests="53" errors="0" skipped="0" failures="0">
  <properties>
[...]
</properties>
  <testcase name="ChequeProcessingAdditionalTest[1]" classname="DemoBankingApp.ChequeProcessingTests" time="0.257"/>
  <testcase name="ChequeProcessingAdditionalTest[2]" classname="DemoBankingApp.ChequeProcessingTests" time="0.3"/>
  <testcase name="ChequeProcessingAdditionalTest[3]" classname="DemoBankingApp.ChequeProcessingTests" time="0.304"/>
  <testcase name="ChequeProcessingAdditionalTest[4]" classname="DemoBankingApp.ChequeProcessingTests" time="0.304"/>
  <testcase name="ChequeProcessingAdditionalTest[5]" classname="DemoBankingApp.ChequeProcessingTests" time="0.304"/>
  <testcase name="ChequeProcessingAdditionalTest[6]" classname="DemoBankingApp.ChequeProcessingTests" time="0.3"/>
  <testcase name="ChequeProcessingAdditionalTest[7]" classname="DemoBankingApp.ChequeProcessingTests" time="0.3"/>
  <testcase name="ChequeProcessingAdditionalTest[8]" classname="DemoBankingApp.ChequeProcessingTests" time="0.3"/>
  <testcase name="ChequeProcessingAdditionalTest[9]" classname="DemoBankingApp.ChequeProcessingTests" time="0.304"/>
  <testcase name="ChequeProcessingAdditionalTest[10]" classname="DemoBankingApp.ChequeProcessingTests" time="0.304"/>
  <testcase name="ChequeProcessingAdditionalTest[11]" classname="DemoBankingApp.ChequeProcessingTests" time="0.301"/>
  <testcase name="ChequeProcessingAdditionalTest[12]" classname="DemoBankingApp.ChequeProcessingTests" time="0.3"/>
  <testcase name="ChequeProcessingAdditionalTest[13]" classname="DemoBankingApp.ChequeProcessingTests" time="0.304"/>
  <testcase name="ChequeProcessingAdditionalTest[14]" classname="DemoBankingApp.ChequeProcessingTests" time="0.301"/>
  <testcase name="ChequeProcessingAdditionalTest[15]" classname="DemoBankingApp.ChequeProcessingTests" time="0.3"/>
  <testcase name="ChequeProcessingAdditionalTest[16]" classname="DemoBankingApp.ChequeProcessingTests" time="0.304"/>
  <testcase name="ChequeProcessingAdditionalTest[17]" classname="DemoBankingApp.ChequeProcessingTests" time="0.304"/>
  <testcase name="ChequeProcessingAdditionalTest[18]" classname="DemoBankingApp.ChequeProcessingTests" time="0.303"/>
  <testcase name="ChequeProcessingAdditionalTest[19]" classname="DemoBankingApp.ChequeProcessingTests" time="0.304"/>
  <testcase name="ChequeProcessingAdditionalTest[20]" classname="DemoBankingApp.ChequeProcessingTests" time="0.301"/>
  <testcase name="ChequeProcessingAdditionalTest[21]" classname="DemoBankingApp.ChequeProcessingTests" time="0.3"/>
  <testcase name="ChequeProcessingAdditionalTest[22]" classname="DemoBankingApp.ChequeProcessingTests" time="0.303"/>
  <testcase name="ChequeProcessingAdditionalTest[23]" classname="DemoBankingApp.ChequeProcessingTests" time="0.301"/>
  <testcase name="ChequeProcessingAdditionalTest[24]" classname="DemoBankingApp.ChequeProcessingTests" time="0.304"/>
  <testcase name="ChequeProcessingAdditionalTest[25]" classname="DemoBankingApp.ChequeProcessingTests" time="0.301"/>
  <testcase name="ChequeProcessingAdditionalTest[26]" classname="DemoBankingApp.ChequeProcessingTests" time="0.304"/>
  <testcase name="ChequeProcessingAdditionalTest[27]" classname="DemoBankingApp.ChequeProcessingTests" time="0.304"/>
  <testcase name="ChequeProcessingAdditionalTest[28]" classname="DemoBankingApp.ChequeProcessingTests" time="0.3"/>
  <testcase name="ChequeProcessingAdditionalTest[29]" classname="DemoBankingApp.ChequeProcessingTests" time="0.304"/>
  <testcase name="ChequeProcessingAdditionalTest[30]" classname="DemoBankingApp.ChequeProcessingTests" time="0.3"/>
  <testcase name="ChequeProcessingAdditionalTest[31]" classname="DemoBankingApp.ChequeProcessingTests" time="0.304"/>
  <testcase name="ChequeProcessingAdditionalTest[32]" classname="DemoBankingApp.ChequeProcessingTests" time="0.3"/>
  <testcase name="ChequeProcessingAdditionalTest[33]" classname="DemoBankingApp.ChequeProcessingTests" time="0.3"/>
  <testcase name="ChequeProcessingAdditionalTest[34]" classname="DemoBankingApp.ChequeProcessingTests" time="0.3"/>
  <testcase name="ChequeProcessingAdditionalTest[35]" classname="DemoBankingApp.ChequeProcessingTests" time="0.3"/>
  <testcase name="ChequeProcessingAdditionalTest[36]" classname="DemoBankingApp.ChequeProcessingTests" time="0.3"/>
  <testcase name="ChequeProcessingAdditionalTest[37]" classname="DemoBankingApp.ChequeProcessingTests" time="0.3"/>
  <testcase name="ChequeProcessingAdditionalTest[38]" classname="DemoBankingApp.ChequeProcessingTests" time="0.3"/>
  <testcase name="ChequeProcessingAdditionalTest[39]" classname="DemoBankingApp.ChequeProcessingTests" time="0.304"/>
  <testcase name="ChequeProcessingAdditionalTest[40]" classname="DemoBankingApp.ChequeProcessingTests" time="0.304"/>
  <testcase name="ChequeProcessingAdditionalTest[41]" classname="DemoBankingApp.ChequeProcessingTests" time="0.3"/>
  <testcase name="ChequeProcessingAdditionalTest[42]" classname="DemoBankingApp.ChequeProcessingTests" time="0.3"/>
  <testcase name="ChequeProcessingAdditionalTest[43]" classname="DemoBankingApp.ChequeProcessingTests" time="0.3"/>
  <testcase name="ChequeProcessingAdditionalTest[44]" classname="DemoBankingApp.ChequeProcessingTests" time="0.304"/>
  <testcase name="ChequeProcessingAdditionalTest[45]" classname="DemoBankingApp.ChequeProcessingTests" time="0.301"/>
  <testcase name="ChequeProcessingAdditionalTest[46]" classname="DemoBankingApp.ChequeProcessingTests" time="0.3"/>
  <testcase name="ChequeProcessingAdditionalTest[47]" classname="DemoBankingApp.ChequeProcessingTests" time="0.302"/>
  <testcase name="ChequeProcessingAdditionalTest[48]" classname="DemoBankingApp.ChequeProcessingTests" time="0.304"/>
  <testcase name="ChequeProcessingAdditionalTest[49]" classname="DemoBankingApp.ChequeProcessingTests" time="0.3"/>
  <testcase name="ChequeProcessingAdditionalTest[50]" classname="DemoBankingApp.ChequeProcessingTests" time="0.3"/>
  <testcase name="ChequeProcessingAdditionalTest[51]" classname="DemoBankingApp.ChequeProcessingTests" time="0.3"/>
  <testcase name="ChequeProcessingAdditionalTest[52]" classname="DemoBankingApp.ChequeProcessingTests" time="0.301"/>
  <testcase name="ChequeProcessingAdditionalTest[53]" classname="DemoBankingApp.ChequeProcessingTests" time="0.304"/>
</testsuite>