<?xml version="1.0" encoding="UTF-8"?>
<testsuite xmlns:xsi="http://www.w3.org/2001/XMLSchema-instance" xsi:noNamespaceSchemaLocation="https://maven.apache.org/surefire/maven-surefire-plugin/xsd/surefire-test-report.xsd" name="DemoBankingApp.LoginTests" time="92.57" tests="82" errors="0" skipped="0" failures="0">
  <properties>
[...]
</properties>
  <testcase name="LoginTest10" classname="DemoBankingApp.LoginTests" time="1.093"/>
  <testcase name="LoginTest1" classname="DemoBankingApp.LoginTests" time="1.125"/>
  <testcase name="LoginTest2" classname="DemoBankingApp.LoginTests" time="1.126"/>
  <testcase name="LoginTest3" classname="DemoBankingApp.LoginTests" time="1.126"/>
  <testcase name="LoginTest4" classname="DemoBankingApp.LoginTests" time="1.127"/>
  <testcase name="LoginTest5" classname="DemoBankingApp.LoginTests" time="1.126"/>
  <testcase name="LoginTest6" classname="DemoBankingApp.LoginTests" time="1.127"/>
  <testcase name="LoginTest7" classname="DemoBankingApp.LoginTests" time="1.127"/>
  <testcase name="LoginTest8" classname="DemoBankingApp.LoginTests" time="1.126"/>
  <testcase name="LoginTest9" classname="DemoBankingApp.LoginTests" time="1.126"/>
  <testcase name="LoginAdditionalTest[1]" classname="DemoBankingApp.LoginTests" time="1.125"/>
  <testcase name="LoginAdditionalTest[2]" classname="DemoBankingApp.LoginTests" time="1.126"/>
  <testcase name="LoginAdditionalTest[3]" classname="DemoBankingApp.LoginTests" time="1.136"/>
  <testcase name="LoginAdditionalTest[4]" classname="DemoBankingApp.LoginTests" time="1.129"/>
  <testcase name="LoginAdditionalTest[5]" classname="DemoBankingApp.LoginTests" time="1.129"/>
  <testcase name="LoginAdditionalTest[6]" classname="DemoBankingApp.LoginTests" time="1.126"/>
  <testcase name="LoginAdditionalTest[7]" classname="DemoBankingApp.LoginTests" time="1.129"/>
  <testcase name="LoginAdditionalTest[8]" classname="DemoBankingApp.LoginTests" time="1.132"/>
  <testcase name="LoginAdditionalTest[9]" classname="DemoBankingApp.LoginTests" time="1.129"/>
  <testcase name="LoginAdditionalTest[10]" classname="DemoBankingApp.LoginTests" time="1.157"/>
  <testcase name="LoginAdditionalTest[11]" classname="DemoBankingApp.LoginTests" time="1.127"/>
  <testcase name="LoginAdditionalTest[12]" classname="DemoBankingApp.LoginTests" time="1.131"/>
  <testcase name="LoginAdditionalTest[13]" classname="DemoBankingApp.LoginTests" time="1.136"/>
  <testcase name="LoginAdditionalTest[14]" classname="DemoBankingApp.LoginTests" time="1.128"/>
  <testcase name="LoginAdditionalTest[15]" classname="DemoBankingApp.LoginTests" time="1.134"/>
  <testcase name="LoginAdditionalTest[16]" classname="DemoBankingApp.LoginTests" time="1.127"/>
  <testcase name="LoginAdditionalTest[17]" classname="DemoBankingApp.LoginTests" time="1.126"/>
  <testcase name="LoginAdditionalTest[18]" classname="DemoBankingApp.LoginTests" time="1.127"/>
  <testcase name="LoginAdditionalTest[19]" classname="DemoBankingApp.LoginTests" time="1.126"/>
  <testcase name="LoginAdditionalTest[20]" classname="DemoBankingApp.LoginTests" time="1.125"/>
  <testcase name="LoginAdditionalTest[21]" classname="DemoBankingApp.LoginTests" time="1.171"/>
  <testcase name="LoginAdditionalTest[22]" classname="DemoBankingApp.LoginTests" time="1.125"/>
  <testcase name="LoginAdditionalTest[23]" classname="DemoBankingApp.LoginTests" time="1.126"/>
  <testcase name="LoginAdditionalTest[24]" classname="DemoBankingApp.LoginTests" time="1.125"/>
  <testcase name="LoginAdditionalTest[25]" classname="DemoBankingApp.LoginTests" time="1.126"/>
  <testcase name="LoginAdditionalTest[26]" classname="DemoBankingApp.LoginTests" time="1.125"/>
  <testcase name="LoginAdditionalTest[27]" classname="DemoBankingApp.LoginTests" time="1.127"/>
  <testcase name="LoginAdditionalTest[28]" classname="DemoBankingApp.LoginTests" time="1.126"/>
  <testcase name="LoginAdditionalTest[29]" classname="DemoBankingApp.LoginTests" time="1.126"/>
  <testcase name="LoginAdditionalTest[30]" classname="DemoBankingApp.LoginTests" time="1.132"/>
  <testcase name="LoginAdditionalTest[31]" classname="DemoBankingApp.LoginTests" time="1.128"/>
  <testcase name="LoginAdditionalTest[32]" classname="DemoBankingApp.LoginTests" time="1.126"/>
  <testcase name="LoginAdditionalTest[33]" classname="DemoBankingApp.LoginTests" time="1.125"/>
  <testcase name="LoginAdditionalTest[34]" classname="DemoBankingApp.LoginTests" time="1.126"/>
  <testcase name="LoginAdditionalTest[35]" classname="DemoBankingApp.LoginTests" time="1.126"/>
  <testcase name="LoginAdditionalTest[36]" classname="DemoBankingApp.LoginTests" time="1.125"/>
  <testcase name="LoginAdditionalTest[37]" classname="DemoBankingApp.LoginTests" time="1.125"/>
  <testcase name="LoginAdditionalTest[38]" classname="DemoBankingApp.LoginTests" time="1.126"/>
  <testcase name="LoginAdditionalTest[39]" classname="DemoBankingApp.LoginTests" time="1.126"/>
  <testcase name="LoginAdditionalTest[40]" classname="DemoBankingApp.LoginTests" time="1.126"/>
  <testcase name="LoginAdditionalTest[41]" classname="DemoBankingApp.LoginTests" time="1.125"/>
  <testcase name="LoginAdditionalTest[42]" classname="DemoBankingApp.LoginTests" time="1.125"/>
  <testcase name="LoginAdditionalTest[43]" classname="DemoBankingApp.LoginTests" time="1.124"/>
  <testcase name="LoginAdditionalTest[44]" classname="DemoBankingApp.LoginTests" time="1.126"/>
  <testcase name="LoginAdditionalTest[45]" classname="DemoBankingApp.LoginTests" time="1.125"/>
  <testcase name="LoginAdditionalTest[46]" classname="DemoBankingApp.LoginTests" time="1.126"/>
  <testcase name="LoginAdditionalTest[47]" classname="DemoBankingApp.LoginTests" time="1.125"/>
  <testcase name="LoginAdditionalTest[48]" classname="DemoBankingApp.LoginTests" time="1.127"/>
  <testcase name="LoginAdditionalTest[49]" classname="DemoBankingApp.LoginTests" time="1.125"/>
  <testcase name="LoginAdditionalTest[50]" classname="DemoBankingApp.LoginTests" time="1.126"/>
  <testcase name="LoginAdditionalTest[51]" classname="DemoBankingApp.LoginTests" time="1.126"/>
  <testcase name="LoginAdditionalTest[52]" classname="DemoBankingApp.LoginTests" time="1.125"/>
  <testcase name="LoginAdditionalTest[53]" classname="DemoBankingApp.LoginTests" time="1.125"/>
  <testcase name="LoginAdditionalTest[54]" classname="DemoBankingApp.LoginTests" time="1.125"/>
  <testcase name="LoginAdditionalTest[55]" classname="DemoBankingApp.LoginTests" time="1.126"/>
  <testcase name="LoginAdditionalTest[56]" classname="DemoBankingApp.LoginTests" time="1.126"/>
  <testcase name="LoginAdditionalTest[57]" classname="DemoBankingApp.LoginTests" time="1.125"/>
  <testcase name="LoginAdditionalTest[58]" classname="DemoBankingApp.LoginTests" time="1.126"/>
  <testcase name="LoginAdditionalTest[59]" classname="DemoBankingApp.LoginTests" time="1.125"/>
  <testcase name="LoginAdditionalTest[60]" classname="DemoBankingApp.LoginTests" time="1.126"/>
  <testcase name="LoginAdditionalTest[61]" classname="DemoBankingApp.LoginTests" time="1.126"/>
  <testcase name="LoginAdditionalTest[62]" classname="DemoBankingApp.LoginTests" time="1.125"/>
  <testcase name="LoginAdditionalTest[63]" classname="DemoBankingApp.LoginTests" time="1.126"/>
  <testcase name="LoginAdditionalTest[64]" classname="DemoBankingApp.LoginTests" time="1.125"/>
  <testcase name="LoginAdditionalTest[65]" classname="DemoBankingApp.LoginTests" time="1.126"/>
  <testcase name="LoginAdditionalTest[66]" classname="DemoBankingApp.LoginTests" time="1.125"/>
  <testcase name="LoginAdditionalTest[67]" classname="DemoBankingApp.LoginTests" time="1.126"/>
  <testcase name="LoginAdditionalTest[68]" classname="DemoBankingApp.LoginTests" time="1.126"/>
  <testcase name="LoginAdditionalTest[69]" classname="DemoBankingApp.LoginTests" time="1.125"/>
  <testcase name="LoginAdditionalTest[70]" classname="DemoBankingApp.LoginTests" time="1.126"/>
  <testcase name="LoginAdditionalTest[71]" classname="DemoBankingApp.LoginTests" time="1.126"/>
  <testcase name="LoginAdditionalTest[72]" classname="DemoBankingApp.LoginTests" time="1.126"/>
</testsuite>